2023-02-04 16:21:10,498 INFO o.a.j.u.JMeterUtils: Setting Locale to en_EN
2023-02-04 16:21:10,516 INFO o.a.j.JMeter: Loading user properties from: user.properties
2023-02-04 16:21:10,517 INFO o.a.j.JMeter: Loading system properties from: system.properties
2023-02-04 16:21:10,523 INFO o.a.j.JMeter: Copyright (c) 1998-2022 The Apache Software Foundation
2023-02-04 16:21:10,523 INFO o.a.j.JMeter: Version 5.5
2023-02-04 16:21:10,523 INFO o.a.j.JMeter: java.version=11.0.9.1
2023-02-04 16:21:10,523 INFO o.a.j.JMeter: java.vm.name=OpenJDK 64-Bit Server VM
2023-02-04 16:21:10,523 INFO o.a.j.JMeter: os.name=Windows 10
2023-02-04 16:21:10,523 INFO o.a.j.JMeter: os.arch=amd64
2023-02-04 16:21:10,523 INFO o.a.j.JMeter: os.version=10.0
2023-02-04 16:21:10,523 INFO o.a.j.JMeter: file.encoding=Cp1252
2023-02-04 16:21:10,523 INFO o.a.j.JMeter: java.awt.headless=true
2023-02-04 16:21:10,523 INFO o.a.j.JMeter: Max memory     =1073741824
2023-02-04 16:21:10,524 INFO o.a.j.JMeter: Available Processors =8
2023-02-04 16:21:10,534 INFO o.a.j.JMeter: Default Locale=English (EN)
2023-02-04 16:21:10,535 INFO o.a.j.JMeter: JMeter  Locale=English (EN)
2023-02-04 16:21:10,535 INFO o.a.j.JMeter: JMeterHome=C:\Users\LEGION-PC\Downloads\apache-jmeter-5.5
2023-02-04 16:21:10,535 INFO o.a.j.JMeter: user.dir  =C:\Users\LEGION-PC\Downloads\apache-jmeter-5.5\bin
2023-02-04 16:21:10,536 INFO o.a.j.JMeter: PWD       =C:\Users\LEGION-PC\Downloads\apache-jmeter-5.5\bin
2023-02-04 16:21:10,539 INFO o.a.j.JMeter: IP: 192.168.100.9 Name: LAPTOP-F6TKLGIM FullName: LAPTOP-F6TKLGIM
2023-02-04 16:21:10,550 INFO o.a.j.JMeter: Setting property 'jmeter.reportgenerator.outputdir' to:'C:\Users\LEGION-PC\Downloads\apache-jmeter-5.5\jmeterExercise\recording'
2023-02-04 16:21:10,552 INFO o.a.j.s.FileServer: Default base='C:\Users\LEGION-PC\Downloads\apache-jmeter-5.5\bin'
2023-02-04 16:21:10,553 INFO o.a.j.s.FileServer: Set new base='C:\Users\LEGION-PC\Downloads\apache-jmeter-5.5\jmeterExercise'
2023-02-04 16:21:10,682 INFO o.a.j.s.SaveService: Testplan (JMX) version: 2.2. Testlog (JTL) version: 2.2
2023-02-04 16:21:10,696 INFO o.a.j.s.SaveService: Using SaveService properties version 5.0
2023-02-04 16:21:10,699 INFO o.a.j.s.SaveService: Using SaveService properties file encoding UTF-8
2023-02-04 16:21:10,701 INFO o.a.j.s.SaveService: Loading file: C:\Users\LEGION-PC\Downloads\apache-jmeter-5.5\jmeterExercise\recording.jmx
2023-02-04 16:21:10,727 INFO o.a.j.p.h.c.CookieManager: Settings: Delete null: true Check: true Allow variable: true Save: true Prefix: COOKIE_
2023-02-04 16:21:10,934 INFO o.a.j.e.KeyToolUtils: keytool found at 'keytool'
2023-02-04 16:21:10,936 INFO o.a.j.p.h.p.ProxyControl: HTTP(S) Test Script Recorder SSL Proxy will use keys that support embedded 3rd party resources in file C:\Users\LEGION-PC\Downloads\apache-jmeter-5.5\bin\proxyserver.jks
2023-02-04 16:21:10,947 INFO o.a.j.p.h.s.HTTPSamplerBase: Parser for text/html is org.apache.jmeter.protocol.http.parser.LagartoBasedHtmlParser
2023-02-04 16:21:10,947 INFO o.a.j.p.h.s.HTTPSamplerBase: Parser for application/xhtml+xml is org.apache.jmeter.protocol.http.parser.LagartoBasedHtmlParser
2023-02-04 16:21:10,947 INFO o.a.j.p.h.s.HTTPSamplerBase: Parser for application/xml is org.apache.jmeter.protocol.http.parser.LagartoBasedHtmlParser
2023-02-04 16:21:10,947 INFO o.a.j.p.h.s.HTTPSamplerBase: Parser for text/xml is org.apache.jmeter.protocol.http.parser.LagartoBasedHtmlParser
2023-02-04 16:21:10,947 INFO o.a.j.p.h.s.HTTPSamplerBase: Parser for text/vnd.wap.wml is org.apache.jmeter.protocol.http.parser.RegexpHTMLParser
2023-02-04 16:21:10,947 INFO o.a.j.p.h.s.HTTPSamplerBase: Parser for text/css is org.apache.jmeter.protocol.http.parser.CssParser
2023-02-04 16:21:11,060 INFO o.a.j.JMeter: Creating summariser <summary>
2023-02-04 16:21:11,064 INFO o.a.j.r.d.ReportGenerator: ReportGenerator will use for Parsing the separator: ','
2023-02-04 16:21:11,065 INFO o.a.j.r.d.ReportGenerator: Will generate report at end of test from  results file: C:\Users\LEGION-PC\Downloads\apache-jmeter-5.5\jmeterExercise\recording.csv
2023-02-04 16:21:11,065 INFO o.a.j.r.d.ReportGenerator: Reading report generator properties from: C:\Users\LEGION-PC\Downloads\apache-jmeter-5.5\bin\reportgenerator.properties
2023-02-04 16:21:11,066 INFO o.a.j.r.d.ReportGenerator: Merging with JMeter properties
2023-02-04 16:21:11,069 INFO o.a.j.r.c.ReportGeneratorConfiguration: Property 'jmeter.reportgenerator.temp_dir' not found, using default value 'temp' instead.
2023-02-04 16:21:11,072 INFO o.a.j.r.c.ReportGeneratorConfiguration: Property 'jmeter.reportgenerator.apdex_per_transaction' not found, using default value 'null' instead.
2023-02-04 16:21:11,072 INFO o.a.j.r.c.ReportGeneratorConfiguration: apdex_per_transaction is empty, not APDEX per transaction customization
2023-02-04 16:21:11,072 INFO o.a.j.r.c.ReportGeneratorConfiguration: Property 'jmeter.reportgenerator.sample_filter' not found, using default value 'null' instead.
2023-02-04 16:21:11,072 INFO o.a.j.r.c.ReportGeneratorConfiguration: Property 'jmeter.reportgenerator.report_title' not found, using default value 'null' instead.
2023-02-04 16:21:11,072 INFO o.a.j.r.c.ReportGeneratorConfiguration: Property 'jmeter.reportgenerator.start_date' not found, using default value 'null' instead.
2023-02-04 16:21:11,072 INFO o.a.j.r.c.ReportGeneratorConfiguration: Property 'jmeter.reportgenerator.end_date' not found, using default value 'null' instead.
2023-02-04 16:21:11,072 INFO o.a.j.r.c.ReportGeneratorConfiguration: Property 'jmeter.reportgenerator.date_format' not found, using default value 'null' instead.
2023-02-04 16:21:11,073 INFO o.a.j.r.c.ReportGeneratorConfiguration: Will use date range start date: null, end date: null
2023-02-04 16:21:11,076 INFO o.a.j.r.c.ReportGeneratorConfiguration: Property 'jmeter.reportgenerator.graph.totalTPS.exclude_controllers' not found, using default value 'false' instead.
2023-02-04 16:21:11,076 INFO o.a.j.r.c.ReportGeneratorConfiguration: Property 'jmeter.reportgenerator.graph.activeThreadsOverTime.exclude_controllers' not found, using default value 'false' instead.
2023-02-04 16:21:11,077 INFO o.a.j.r.c.ReportGeneratorConfiguration: Property 'jmeter.reportgenerator.graph.timeVsThreads.exclude_controllers' not found, using default value 'false' instead.
2023-02-04 16:21:11,077 INFO o.a.j.r.c.ReportGeneratorConfiguration: Property 'jmeter.reportgenerator.graph.responseTimeDistribution.exclude_controllers' not found, using default value 'false' instead.
2023-02-04 16:21:11,077 INFO o.a.j.r.c.ReportGeneratorConfiguration: Property 'jmeter.reportgenerator.graph.transactionsPerSecond.exclude_controllers' not found, using default value 'false' instead.
2023-02-04 16:21:11,077 INFO o.a.j.r.c.ReportGeneratorConfiguration: Property 'jmeter.reportgenerator.graph.responseTimePercentiles.exclude_controllers' not found, using default value 'false' instead.
2023-02-04 16:21:11,077 INFO o.a.j.r.c.ReportGeneratorConfiguration: Property 'jmeter.reportgenerator.graph.responseTimePercentilesOverTime.exclude_controllers' not found, using default value 'false' instead.
2023-02-04 16:21:11,077 INFO o.a.j.r.c.ReportGeneratorConfiguration: Property 'jmeter.reportgenerator.graph.responseTimesOverTime.exclude_controllers' not found, using default value 'false' instead.
2023-02-04 16:21:11,077 INFO o.a.j.r.c.ReportGeneratorConfiguration: Property 'jmeter.reportgenerator.graph.connectTimeOverTime.exclude_controllers' not found, using default value 'false' instead.
2023-02-04 16:21:11,077 INFO o.a.j.r.c.ReportGeneratorConfiguration: Property 'jmeter.reportgenerator.graph.latenciesOverTime.exclude_controllers' not found, using default value 'false' instead.
2023-02-04 16:21:11,078 INFO o.a.j.r.c.ReportGeneratorConfiguration: Property 'jmeter.reportgenerator.exporter.json.filters_only_sample_series' not found, using default value 'true' instead.
2023-02-04 16:21:11,078 INFO o.a.j.r.c.ReportGeneratorConfiguration: Property 'jmeter.reportgenerator.exporter.json.series_filter' not found, using default value '' instead.
2023-02-04 16:21:11,078 INFO o.a.j.r.c.ReportGeneratorConfiguration: Property 'jmeter.reportgenerator.exporter.json.show_controllers_only' not found, using default value 'false' instead.
2023-02-04 16:21:11,078 INFO o.a.j.r.c.ReportGeneratorConfiguration: Property 'jmeter.reportgenerator.exporter.html.filters_only_sample_series' not found, using default value 'true' instead.
2023-02-04 16:21:11,078 INFO o.a.j.r.c.ReportGeneratorConfiguration: Property 'jmeter.reportgenerator.exporter.html.series_filter' not found, using default value '' instead.
2023-02-04 16:21:11,079 INFO o.a.j.r.c.ReportGeneratorConfiguration: Property 'jmeter.reportgenerator.exporter.html.show_controllers_only' not found, using default value 'false' instead.
2023-02-04 16:21:11,089 INFO o.a.j.e.StandardJMeterEngine: Running the test!
2023-02-04 16:21:11,090 INFO o.a.j.s.SampleEvent: List of sample_variables: []
2023-02-04 16:21:11,090 INFO o.a.j.s.SampleEvent: List of sample_variables: []
2023-02-04 16:21:11,097 INFO o.a.j.e.u.CompoundVariable: Note: Function class names must contain the string: '.functions.'
2023-02-04 16:21:11,097 INFO o.a.j.e.u.CompoundVariable: Note: Function class names must not contain the string: '.gui.'
2023-02-04 16:21:11,380 INFO o.a.j.JMeter: Running test (1675498871380)
2023-02-04 16:21:11,382 INFO o.a.j.e.StandardJMeterEngine: Starting setUp thread groups
2023-02-04 16:21:11,382 INFO o.a.j.e.StandardJMeterEngine: Starting setUp ThreadGroup: 1 : setUp Thread Group 
2023-02-04 16:21:11,382 INFO o.a.j.e.StandardJMeterEngine: Starting 1 threads for group setUp Thread Group.
2023-02-04 16:21:11,382 INFO o.a.j.e.StandardJMeterEngine: Thread will continue on error
2023-02-04 16:21:11,382 INFO o.a.j.t.ThreadGroup: Starting thread group... number=1 threads=1 ramp-up=1 delayedStart=false
2023-02-04 16:21:11,402 INFO o.a.j.t.ThreadGroup: Started thread group number 1
2023-02-04 16:21:11,402 INFO o.a.j.e.StandardJMeterEngine: Waiting for all setup thread groups to exit
2023-02-04 16:21:11,405 INFO o.a.j.s.SampleResult: Note: Sample TimeStamps are START times
2023-02-04 16:21:11,405 INFO o.a.j.s.SampleResult: sampleresult.default.encoding is set to ISO-8859-1
2023-02-04 16:21:11,405 INFO o.a.j.s.SampleResult: sampleresult.useNanoTime=true
2023-02-04 16:21:11,406 INFO o.a.j.s.SampleResult: sampleresult.nanoThreadSleep=5000
2023-02-04 16:21:11,407 INFO o.a.j.t.JMeterThread: Thread started: setUp Thread Group 1-1
2023-02-04 16:21:11,424 INFO o.a.j.p.h.s.HTTPHCAbstractImpl: Local host = LAPTOP-F6TKLGIM
2023-02-04 16:21:11,428 INFO o.a.j.p.h.s.HTTPHC4Impl: HTTP request retry count = 0
2023-02-04 16:21:11,489 INFO o.a.j.p.h.s.h.LazyLayeredConnectionSocketFactory: Setting up HTTPS TrustAll Socket Factory
2023-02-04 16:21:11,494 INFO o.a.j.u.JsseSSLManager: Using default SSL protocol: TLS
2023-02-04 16:21:11,494 INFO o.a.j.u.JsseSSLManager: SSL session context: per-thread
2023-02-04 16:21:11,737 INFO o.a.j.u.SSLManager: JmeterKeyStore Location:  type JKS
2023-02-04 16:21:11,739 INFO o.a.j.u.SSLManager: KeyStore created OK
2023-02-04 16:21:11,739 WARN o.a.j.u.SSLManager: Keystore file not found, loading empty keystore
2023-02-04 16:21:21,857 INFO o.a.j.t.JMeterThread: Thread is done: setUp Thread Group 1-1
2023-02-04 16:21:21,857 INFO o.a.j.t.JMeterThread: Thread finished: setUp Thread Group 1-1
2023-02-04 16:21:21,859 INFO o.a.j.e.StandardJMeterEngine: All Setup Threads have ended
2023-02-04 16:21:21,873 INFO o.a.j.e.StandardJMeterEngine: Starting ThreadGroup: 1 : Thread Group
2023-02-04 16:21:21,873 INFO o.a.j.e.StandardJMeterEngine: Starting 1 threads for group Thread Group.
2023-02-04 16:21:21,873 INFO o.a.j.e.StandardJMeterEngine: Thread will continue on error
2023-02-04 16:21:21,874 INFO o.a.j.t.ThreadGroup: Starting thread group... number=1 threads=1 ramp-up=1 delayedStart=false
2023-02-04 16:21:21,874 INFO o.a.j.t.ThreadGroup: Started thread group number 1
2023-02-04 16:21:21,874 INFO o.a.j.e.StandardJMeterEngine: Starting ThreadGroup: 2 : Search
2023-02-04 16:21:21,874 INFO o.a.j.e.StandardJMeterEngine: Starting 1 threads for group Search.
2023-02-04 16:21:21,874 INFO o.a.j.e.StandardJMeterEngine: Thread will continue on error
2023-02-04 16:21:21,874 INFO o.a.j.t.ThreadGroup: Starting thread group... number=2 threads=1 ramp-up=1 delayedStart=false
2023-02-04 16:21:21,874 INFO o.a.j.t.JMeterThread: Thread started: Thread Group 1-1
2023-02-04 16:21:21,874 INFO o.a.j.t.JMeterThread: Thread is done: Thread Group 1-1
2023-02-04 16:21:21,874 INFO o.a.j.t.JMeterThread: Thread finished: Thread Group 1-1
2023-02-04 16:21:21,881 INFO o.a.j.t.ThreadGroup: Started thread group number 2
2023-02-04 16:21:21,881 INFO o.a.j.e.StandardJMeterEngine: All thread groups have been started
2023-02-04 16:21:21,885 INFO o.a.j.t.JMeterThread: Thread started: Search 2-1
2023-02-04 16:21:21,885 INFO o.a.j.s.FileServer: Stored: C:\Users\LEGION-PC\Downloads\apache-jmeter-5.5\jmeterExercise\data.csv
2023-02-04 16:21:21,889 ERROR o.a.j.u.BeanShellInterpreter: Error invoking bsh method: eval	Sourced file: inline evaluation of: ``import org.apache.jmeter.protocol.http.control.CookieManager; import org.apache. . . . '' : Typed variable declaration : Error in method invocation: Method getCookieManager() not found in class'org.apache.jmeter.sampler.DebugSampler'
2023-02-04 16:21:21,889 WARN o.a.j.m.BeanShellPreProcessor: Problem in BeanShell script. org.apache.jorphan.util.JMeterException: Error invoking bsh method: eval	Sourced file: inline evaluation of: ``import org.apache.jmeter.protocol.http.control.CookieManager; import org.apache. . . . '' : Typed variable declaration : Error in method invocation: Method getCookieManager() not found in class'org.apache.jmeter.sampler.DebugSampler'
2023-02-04 16:21:22,844 ERROR o.a.j.u.BeanShellInterpreter: Error invoking bsh method: eval	Sourced file: inline evaluation of: ``import org.apache.jmeter.protocol.http.control.CookieManager; import org.apache. . . . '' : Typed variable declaration : Error in method invocation: Method getCookieManager() not found in class'org.apache.jmeter.sampler.DebugSampler'
2023-02-04 16:21:22,844 WARN o.a.j.m.BeanShellPreProcessor: Problem in BeanShell script. org.apache.jorphan.util.JMeterException: Error invoking bsh method: eval	Sourced file: inline evaluation of: ``import org.apache.jmeter.protocol.http.control.CookieManager; import org.apache. . . . '' : Typed variable declaration : Error in method invocation: Method getCookieManager() not found in class'org.apache.jmeter.sampler.DebugSampler'
2023-02-04 16:21:23,202 ERROR o.a.j.u.BeanShellInterpreter: Error invoking bsh method: eval	Sourced file: inline evaluation of: ``import org.apache.jmeter.protocol.http.control.CookieManager; import org.apache. . . . '' : Typed variable declaration : Error in method invocation: Method getCookieManager() not found in class'org.apache.jmeter.sampler.DebugSampler'
2023-02-04 16:21:23,202 WARN o.a.j.m.BeanShellPreProcessor: Problem in BeanShell script. org.apache.jorphan.util.JMeterException: Error invoking bsh method: eval	Sourced file: inline evaluation of: ``import org.apache.jmeter.protocol.http.control.CookieManager; import org.apache. . . . '' : Typed variable declaration : Error in method invocation: Method getCookieManager() not found in class'org.apache.jmeter.sampler.DebugSampler'
2023-02-04 16:21:23,551 ERROR o.a.j.u.BeanShellInterpreter: Error invoking bsh method: eval	Sourced file: inline evaluation of: ``import org.apache.jmeter.protocol.http.control.CookieManager; import org.apache. . . . '' : Typed variable declaration : Error in method invocation: Method getCookieManager() not found in class'org.apache.jmeter.sampler.DebugSampler'
2023-02-04 16:21:23,551 WARN o.a.j.m.BeanShellPreProcessor: Problem in BeanShell script. org.apache.jorphan.util.JMeterException: Error invoking bsh method: eval	Sourced file: inline evaluation of: ``import org.apache.jmeter.protocol.http.control.CookieManager; import org.apache. . . . '' : Typed variable declaration : Error in method invocation: Method getCookieManager() not found in class'org.apache.jmeter.sampler.DebugSampler'
2023-02-04 16:21:23,911 ERROR o.a.j.u.BeanShellInterpreter: Error invoking bsh method: eval	Sourced file: inline evaluation of: ``import org.apache.jmeter.protocol.http.control.CookieManager; import org.apache. . . . '' : Typed variable declaration : Error in method invocation: Method getCookieManager() not found in class'org.apache.jmeter.sampler.DebugSampler'
2023-02-04 16:21:23,911 WARN o.a.j.m.BeanShellPreProcessor: Problem in BeanShell script. org.apache.jorphan.util.JMeterException: Error invoking bsh method: eval	Sourced file: inline evaluation of: ``import org.apache.jmeter.protocol.http.control.CookieManager; import org.apache. . . . '' : Typed variable declaration : Error in method invocation: Method getCookieManager() not found in class'org.apache.jmeter.sampler.DebugSampler'
2023-02-04 16:21:24,278 INFO o.a.j.t.JMeterThread: Thread is done: Search 2-1
2023-02-04 16:21:24,278 INFO o.a.j.t.JMeterThread: Thread finished: Search 2-1
2023-02-04 16:21:24,279 INFO o.a.j.e.StandardJMeterEngine: Starting tearDown thread groups
2023-02-04 16:21:24,279 INFO o.a.j.e.StandardJMeterEngine: Starting tearDown ThreadGroup: 1 : tearDown Thread Group
2023-02-04 16:21:24,279 INFO o.a.j.e.StandardJMeterEngine: Starting 1 threads for group tearDown Thread Group.
2023-02-04 16:21:24,279 INFO o.a.j.e.StandardJMeterEngine: Thread will continue on error
2023-02-04 16:21:24,279 INFO o.a.j.t.ThreadGroup: Starting thread group... number=1 threads=1 ramp-up=1 delayedStart=false
2023-02-04 16:21:24,280 INFO o.a.j.t.ThreadGroup: Started thread group number 1
2023-02-04 16:21:24,280 INFO o.a.j.t.JMeterThread: Thread started: tearDown Thread Group 1-1
2023-02-04 16:21:24,281 INFO o.a.j.t.JMeterThread: Thread is done: tearDown Thread Group 1-1
2023-02-04 16:21:24,281 INFO o.a.j.t.JMeterThread: Thread finished: tearDown Thread Group 1-1
2023-02-04 16:21:24,281 INFO o.a.j.e.StandardJMeterEngine: Notifying test listeners of end of test
2023-02-04 16:21:24,281 INFO o.a.j.s.FileServer: Close: C:\Users\LEGION-PC\Downloads\apache-jmeter-5.5\jmeterExercise\data.csv
2023-02-04 16:21:24,283 INFO o.a.j.r.Summariser: summary =     33 in 00:00:13 =    2.6/s Avg:   385 Min:     0 Max:  1278 Err:     0 (0.00%)
2023-02-04 16:21:24,284 INFO o.a.j.JMeter: Generating Dashboard
2023-02-04 16:21:24,284 INFO o.a.j.r.d.ReportGenerator: Flushing result collector before report Generation
2023-02-04 16:21:24,293 INFO o.a.j.r.p.NormalizerSampleConsumer: Using format, 'ms', to parse timeStamp field
2023-02-04 16:21:24,342 INFO o.a.j.r.p.AbstractSampleConsumer: class org.apache.jmeter.report.processor.AggregateConsumer#stopProducing(): beginDate produced 0 samples
2023-02-04 16:21:24,342 INFO o.a.j.r.p.AbstractSampleConsumer: class org.apache.jmeter.report.processor.AggregateConsumer#stopProducing(): endDate produced 0 samples
2023-02-04 16:21:24,344 INFO o.a.j.r.p.AbstractSampleConsumer: class org.apache.jmeter.report.processor.ApdexSummaryConsumer#stopProducing(): apdexSummary produced 0 samples
2023-02-04 16:21:24,344 INFO o.a.j.r.p.AbstractSampleConsumer: class org.apache.jmeter.report.processor.RequestsSummaryConsumer#stopProducing(): requestsSummary produced 0 samples
2023-02-04 16:21:24,347 INFO o.a.j.r.p.AbstractSampleConsumer: class org.apache.jmeter.report.processor.StatisticsSummaryConsumer#stopProducing(): statisticsSummary produced 0 samples
2023-02-04 16:21:24,348 INFO o.a.j.r.p.AbstractSampleConsumer: class org.apache.jmeter.report.processor.Top5ErrorsBySamplerConsumer#stopProducing(): top5ErrorsBySampler produced 0 samples
2023-02-04 16:21:24,349 INFO o.a.j.r.p.AbstractSampleConsumer: class org.apache.jmeter.report.processor.ErrorsSummaryConsumer#stopProducing(): errorsSummary produced 0 samples
2023-02-04 16:21:24,349 INFO o.a.j.r.p.AbstractSampleConsumer: class org.apache.jmeter.report.processor.graph.impl.HitsPerSecondGraphConsumer#stopProducing(): hitsPerSecond produced 0 samples
2023-02-04 16:21:24,355 INFO o.a.j.r.p.AbstractSampleConsumer: class org.apache.jmeter.report.processor.graph.impl.LatencyVSRequestGraphConsumer#stopProducing(): latencyVsRequest produced 0 samples
2023-02-04 16:21:24,356 INFO o.a.j.r.p.AbstractSampleConsumer: class org.apache.jmeter.report.processor.graph.impl.SyntheticResponseTimeDistributionGraphConsumer#stopProducing(): syntheticResponseTimeDistribution produced 0 samples
2023-02-04 16:21:24,356 INFO o.a.j.r.p.AbstractSampleConsumer: class org.apache.jmeter.report.processor.graph.impl.BytesThroughputGraphConsumer#stopProducing(): bytesThroughputOverTime produced 0 samples
2023-02-04 16:21:24,356 INFO o.a.j.r.p.AbstractSampleConsumer: class org.apache.jmeter.report.processor.graph.impl.CodesPerSecondGraphConsumer#stopProducing(): codesPerSecond produced 0 samples
2023-02-04 16:21:24,359 INFO o.a.j.r.p.AbstractSampleConsumer: class org.apache.jmeter.report.processor.graph.impl.ResponseTimeVSRequestGraphConsumer#stopProducing(): responseTimeVsRequest produced 0 samples
2023-02-04 16:21:24,360 INFO o.a.j.r.p.AbstractSampleConsumer: class org.apache.jmeter.report.processor.FilterConsumer#stopProducing(): startIntervalControlerFilter produced 245 samples
2023-02-04 16:21:24,360 INFO o.a.j.r.p.AbstractSampleConsumer: class org.apache.jmeter.report.processor.graph.impl.TotalTPSGraphConsumer#stopProducing(): totalTPS produced 0 samples
2023-02-04 16:21:24,360 INFO o.a.j.r.p.AbstractSampleConsumer: class org.apache.jmeter.report.processor.graph.impl.ActiveThreadsGraphConsumer#stopProducing(): activeThreadsOverTime produced 0 samples
2023-02-04 16:21:24,360 INFO o.a.j.r.p.AbstractSampleConsumer: class org.apache.jmeter.report.processor.graph.impl.TimeVSThreadGraphConsumer#stopProducing(): timeVsThreads produced 0 samples
2023-02-04 16:21:24,361 INFO o.a.j.r.p.AbstractSampleConsumer: class org.apache.jmeter.report.processor.graph.impl.ResponseTimeDistributionGraphConsumer#stopProducing(): responseTimeDistribution produced 0 samples
2023-02-04 16:21:24,361 INFO o.a.j.r.p.AbstractSampleConsumer: class org.apache.jmeter.report.processor.graph.impl.TransactionsPerSecondGraphConsumer#stopProducing(): transactionsPerSecond produced 0 samples
2023-02-04 16:21:24,361 INFO o.a.j.r.p.AbstractSampleConsumer: class org.apache.jmeter.report.processor.graph.impl.ResponseTimePercentilesGraphConsumer#stopProducing(): responseTimePercentiles produced 0 samples
2023-02-04 16:21:24,368 INFO o.a.j.r.p.AbstractSampleConsumer: class org.apache.jmeter.report.processor.graph.impl.ResponseTimePercentilesOverTimeGraphConsumer#stopProducing(): responseTimePercentilesOverTime produced 0 samples
2023-02-04 16:21:24,369 INFO o.a.j.r.p.AbstractSampleConsumer: class org.apache.jmeter.report.processor.graph.impl.ResponseTimeOverTimeGraphConsumer#stopProducing(): responseTimesOverTime produced 0 samples
2023-02-04 16:21:24,369 INFO o.a.j.r.p.AbstractSampleConsumer: class org.apache.jmeter.report.processor.graph.impl.ConnectTimeOverTimeGraphConsumer#stopProducing(): connectTimeOverTime produced 0 samples
2023-02-04 16:21:24,369 INFO o.a.j.r.p.AbstractSampleConsumer: class org.apache.jmeter.report.processor.graph.impl.LatencyOverTimeGraphConsumer#stopProducing(): latenciesOverTime produced 0 samples
2023-02-04 16:21:24,369 INFO o.a.j.r.p.AbstractSampleConsumer: class org.apache.jmeter.report.processor.FilterConsumer#stopProducing(): nameFilter produced 570 samples
2023-02-04 16:21:24,369 INFO o.a.j.r.p.AbstractSampleConsumer: class org.apache.jmeter.report.processor.FilterConsumer#stopProducing(): dateRangeFilter produced 114 samples
2023-02-04 16:21:24,369 INFO o.a.j.r.p.AbstractSampleConsumer: class org.apache.jmeter.report.processor.NormalizerSampleConsumer#stopProducing(): normalizer produced 38 samples
2023-02-04 16:21:24,369 INFO o.a.j.r.p.CsvFileSampleSource: produce(): 38 samples produced in 59ms on channel 0
2023-02-04 16:21:24,369 INFO o.a.j.r.d.ReportGenerator: Exporting data using exporter:'json' of className:'org.apache.jmeter.report.dashboard.JsonExporter'
2023-02-04 16:21:24,465 INFO o.a.j.r.d.JsonExporter: Found data for consumer statisticsSummary in context
2023-02-04 16:21:24,465 INFO o.a.j.r.d.JsonExporter: Creating statistics for overall
2023-02-04 16:21:24,466 INFO o.a.j.r.d.JsonExporter: Creating statistics for other transactions
2023-02-04 16:21:24,466 INFO o.a.j.r.d.JsonExporter: Checking output folder
2023-02-04 16:21:24,466 INFO o.a.j.r.d.JsonExporter: Writing statistics JSON to C:\Users\LEGION-PC\Downloads\apache-jmeter-5.5\jmeterExercise\recording\statistics.json
2023-02-04 16:21:24,500 INFO o.a.j.r.d.ReportGenerator: Exporting data using exporter:'html' of className:'org.apache.jmeter.report.dashboard.HtmlTemplateExporter'
2023-02-04 16:21:24,503 INFO o.a.j.r.d.HtmlTemplateExporter: Will generate dashboard in folder: C:\Users\LEGION-PC\Downloads\apache-jmeter-5.5\jmeterExercise\recording
2023-02-04 16:21:24,630 INFO o.a.j.r.d.HtmlTemplateExporter: Report will be generated in: C:\Users\LEGION-PC\Downloads\apache-jmeter-5.5\jmeterExercise\recording, creating folder structure
2023-02-04 16:21:24,633 INFO o.a.j.r.d.TemplateVisitor: Copying folder from 'C:\Users\LEGION-PC\Downloads\apache-jmeter-5.5\bin\report-template' to 'C:\Users\LEGION-PC\Downloads\apache-jmeter-5.5\jmeterExercise\recording', got message: C:\Users\LEGION-PC\Downloads\apache-jmeter-5.5\jmeterExercise\recording, found non empty folder with following content [C:\Users\LEGION-PC\Downloads\apache-jmeter-5.5\jmeterExercise\recording\statistics.json], will be ignored
2023-02-04 16:21:24,909 INFO o.a.j.JMeter: Dashboard generated
